
> vibe-generated-app@1.0.0 dev
> vite


  VITE v5.4.20  ready in 209 ms

  ➜  Local:   http://localhost:3000/
  ➜  Network: http://172.20.11.96:3000/
2:20:15 AM [vite] Pre-transform error: Transform failed with 1 error:
/home/workspace/src/App.jsx:137:9: ERROR: The symbol "Upload" has already been declared
2:20:17 AM [vite] Internal server error: Transform failed with 1 error:
/home/workspace/src/App.jsx:137:9: ERROR: The symbol "Upload" has already been declared
  Plugin: vite:esbuild
  File: /home/workspace/src/App.jsx:137:9
  
  The symbol "Upload" has already been declared
  135|  }
  136|  
  137|  function Upload() {
     |           ^
  138|    return (
  139|      <div className="rounded-2xl p-6 border border-[#E0E0E0] dark:border-[#27272A] bg-white dark:bg-[#18181B]">
  
      at failureErrorWithLog (/home/workspace/node_modules/esbuild/lib/main.js:1472:15)
      at /home/workspace/node_modules/esbuild/lib/main.js:755:50
      at responseCallbacks.<computed> (/home/workspace/node_modules/esbuild/lib/main.js:622:9)
      at handleIncomingPacket (/home/workspace/node_modules/esbuild/lib/main.js:677:12)
      at Socket.readFromStdout (/home/workspace/node_modules/esbuild/lib/main.js:600:7)
      at Socket.emit (node:events:508:28)
      at addChunk (node:internal/streams/readable:559:12)
      at readableAddChunkPushByteMode (node:internal/streams/readable:510:3)
      at Readable.push (node:internal/streams/readable:390:5)
      at Pipe.onStreamRead (node:internal/stream_base_commons:189:23)
2:21:13 AM [vite] Internal server error: Transform failed with 1 error:
/home/workspace/src/App.jsx:137:9: ERROR: The symbol "Upload" has already been declared
  Plugin: vite:esbuild
  File: /home/workspace/src/App.jsx:137:9
  
  The symbol "Upload" has already been declared
  135|  }
  136|  
  137|  function Upload() {
     |           ^
  138|    return (
  139|      <div className="rounded-2xl p-6 border border-[#E0E0E0] dark:border-[#27272A] bg-white dark:bg-[#18181B]">
  
      at failureErrorWithLog (/home/workspace/node_modules/esbuild/lib/main.js:1472:15)
      at /home/workspace/node_modules/esbuild/lib/main.js:755:50
      at responseCallbacks.<computed> (/home/workspace/node_modules/esbuild/lib/main.js:622:9)
      at handleIncomingPacket (/home/workspace/node_modules/esbuild/lib/main.js:677:12)
      at Socket.readFromStdout (/home/workspace/node_modules/esbuild/lib/main.js:600:7)
      at Socket.emit (node:events:508:28)
      at addChunk (node:internal/streams/readable:559:12)
      at readableAddChunkPushByteMode (node:internal/streams/readable:510:3)
      at Readable.push (node:internal/streams/readable:390:5)
      at Pipe.onStreamRead (node:internal/stream_base_commons:189:23)
